WARN main org.molgenis.compute.commandline.ComputeBundleFromDirectory - protocol /Users/mdijkstra/Documents/pompgemak/molgenis_distro/handwritten/compute4/molgenis_compute-7157a04/../../workflowdata/protocols/Footer.ftl does not contain #MOLGENIS header. Defaults will be used
WARN main org.molgenis.compute.commandline.ComputeBundleFromDirectory - protocol /Users/mdijkstra/Documents/pompgemak/molgenis_distro/handwritten/compute4/molgenis_compute-7157a04/../../workflowdata/protocols/Header.ftl does not contain #MOLGENIS header. Defaults will be used
WARN main org.molgenis.compute.commandline.ComputeBundleFromDirectory - protocol /Users/mdijkstra/Documents/pompgemak/molgenis_distro/handwritten/compute4/molgenis_compute-7157a04/../../workflowdata/protocols/Report.ftl does not contain #MOLGENIS header. Defaults will be used
WARN main org.molgenis.compute.commandline.ComputeBundleFromDirectory - protocol /Users/mdijkstra/Documents/pompgemak/molgenis_distro/handwritten/compute4/molgenis_compute-7157a04/../../workflowdata/protocols/Submit.sh.ftl does not contain #MOLGENIS header. Defaults will be used
WARN main org.molgenis.compute.commandline.ComputeBundleFromDirectory - protocol /Users/mdijkstra/Documents/pompgemak/molgenis_distro/handwritten/compute4/molgenis_compute-7157a04/../../workflowdata/protocols/Footer.ftl does not contain #MOLGENIS header. Defaults will be used
WARN main org.molgenis.compute.commandline.ComputeBundleFromDirectory - protocol /Users/mdijkstra/Documents/pompgemak/molgenis_distro/handwritten/compute4/molgenis_compute-7157a04/../../workflowdata/protocols/Header.ftl does not contain #MOLGENIS header. Defaults will be used
WARN main org.molgenis.compute.commandline.ComputeBundleFromDirectory - protocol /Users/mdijkstra/Documents/pompgemak/molgenis_distro/handwritten/compute4/molgenis_compute-7157a04/../../workflowdata/protocols/Report.ftl does not contain #MOLGENIS header. Defaults will be used
WARN main org.molgenis.compute.commandline.ComputeBundleFromDirectory - protocol /Users/mdijkstra/Documents/pompgemak/molgenis_distro/handwritten/compute4/molgenis_compute-7157a04/../../workflowdata/protocols/Submit.sh.ftl does not contain #MOLGENIS header. Defaults will be used
WARN main org.molgenis.compute.commandline.ComputeBundleFromDirectory - protocol /Users/mdijkstra/Documents/pompgemak/molgenis_distro/handwritten/compute4/molgenis_compute-7157a04/../../workflowdata/protocols/Footer.ftl does not contain #MOLGENIS header. Defaults will be used
WARN main org.molgenis.compute.commandline.ComputeBundleFromDirectory - protocol /Users/mdijkstra/Documents/pompgemak/molgenis_distro/handwritten/compute4/molgenis_compute-7157a04/../../workflowdata/protocols/Header.ftl does not contain #MOLGENIS header. Defaults will be used
WARN main org.molgenis.compute.commandline.ComputeBundleFromDirectory - protocol /Users/mdijkstra/Documents/pompgemak/molgenis_distro/handwritten/compute4/molgenis_compute-7157a04/../../workflowdata/protocols/Report.ftl does not contain #MOLGENIS header. Defaults will be used
WARN main org.molgenis.compute.commandline.ComputeBundleFromDirectory - protocol /Users/mdijkstra/Documents/pompgemak/molgenis_distro/handwritten/compute4/molgenis_compute-7157a04/../../workflowdata/protocols/Submit.sh.ftl does not contain #MOLGENIS header. Defaults will be used
WARN main org.molgenis.compute.commandline.ComputeBundleFromDirectory - protocol /Users/mdijkstra/Documents/pompgemak/molgenis_distro/handwritten/compute4/molgenis_compute-7157a04/../../workflowdata/protocols/Footer.ftl does not contain #MOLGENIS header. Defaults will be used
WARN main org.molgenis.compute.commandline.ComputeBundleFromDirectory - protocol /Users/mdijkstra/Documents/pompgemak/molgenis_distro/handwritten/compute4/molgenis_compute-7157a04/../../workflowdata/protocols/Header.ftl does not contain #MOLGENIS header. Defaults will be used
WARN main org.molgenis.compute.commandline.ComputeBundleFromDirectory - protocol /Users/mdijkstra/Documents/pompgemak/molgenis_distro/handwritten/compute4/molgenis_compute-7157a04/../../workflowdata/protocols/Report.ftl does not contain #MOLGENIS header. Defaults will be used
WARN main org.molgenis.compute.commandline.ComputeBundleFromDirectory - protocol /Users/mdijkstra/Documents/pompgemak/molgenis_distro/handwritten/compute4/molgenis_compute-7157a04/../../workflowdata/protocols/Submit.sh.ftl does not contain #MOLGENIS header. Defaults will be used
ERROR main freemarker.runtime - Template processing error: "Expression slash is undefined on line 10, column 3 in ReportTemplate.tex."

Expression slash is undefined on line 10, column 3 in ReportTemplate.tex.
The problematic instruction:
----------
==> ${slash} [on line 10, column 1 in ReportTemplate.tex]
 in include "ReportTemplate.tex" [on line 4, column 7 in s00_Report_1]
----------

Java backtrace for programmers:
----------
freemarker.core.InvalidReferenceException: Expression slash is undefined on line 10, column 3 in ReportTemplate.tex.
	at freemarker.core.TemplateObject.assertNonNull(TemplateObject.java:125)
	at freemarker.core.Expression.getStringValue(Expression.java:118)
	at freemarker.core.Expression.getStringValue(Expression.java:93)
	at freemarker.core.DollarVariable.accept(DollarVariable.java:76)
	at freemarker.core.Environment.visit(Environment.java:221)
	at freemarker.core.MixedContent.accept(MixedContent.java:92)
	at freemarker.core.Environment.visit(Environment.java:221)
	at freemarker.core.Environment.include(Environment.java:1508)
	at freemarker.core.Include.accept(Include.java:169)
	at freemarker.core.Environment.visit(Environment.java:221)
	at freemarker.core.MixedContent.accept(MixedContent.java:92)
	at freemarker.core.Environment.visit(Environment.java:221)
	at freemarker.core.Environment.process(Environment.java:199)
	at freemarker.template.Template.process(Template.java:259)
	at org.molgenis.compute.commandline.ComputeCommandLine.filledtemplate(ComputeCommandLine.java:416)
	at org.molgenis.compute.commandline.ComputeCommandLine.generateJobs(ComputeCommandLine.java:297)
	at org.molgenis.compute.commandline.ComputeCommandLine.main(ComputeCommandLine.java:489)
WARN main org.molgenis.compute.commandline.ComputeBundleFromDirectory - protocol /Users/mdijkstra/Documents/pompgemak/molgenis_distro/handwritten/compute4/molgenis_compute-7157a04/../../workflowdata/protocols/Footer.ftl does not contain #MOLGENIS header. Defaults will be used
WARN main org.molgenis.compute.commandline.ComputeBundleFromDirectory - protocol /Users/mdijkstra/Documents/pompgemak/molgenis_distro/handwritten/compute4/molgenis_compute-7157a04/../../workflowdata/protocols/Header.ftl does not contain #MOLGENIS header. Defaults will be used
WARN main org.molgenis.compute.commandline.ComputeBundleFromDirectory - protocol /Users/mdijkstra/Documents/pompgemak/molgenis_distro/handwritten/compute4/molgenis_compute-7157a04/../../workflowdata/protocols/Report.ftl does not contain #MOLGENIS header. Defaults will be used
WARN main org.molgenis.compute.commandline.ComputeBundleFromDirectory - protocol /Users/mdijkstra/Documents/pompgemak/molgenis_distro/handwritten/compute4/molgenis_compute-7157a04/../../workflowdata/protocols/Submit.sh.ftl does not contain #MOLGENIS header. Defaults will be used
ERROR main freemarker.runtime - Template processing error: "Expression slash is undefined on line 10, column 3 in ReportTemplate.tex."

Expression slash is undefined on line 10, column 3 in ReportTemplate.tex.
The problematic instruction:
----------
==> ${slash} [on line 10, column 1 in ReportTemplate.tex]
 in include "ReportTemplate.tex" [on line 4, column 7 in s00_Report_1]
----------

Java backtrace for programmers:
----------
freemarker.core.InvalidReferenceException: Expression slash is undefined on line 10, column 3 in ReportTemplate.tex.
	at freemarker.core.TemplateObject.assertNonNull(TemplateObject.java:125)
	at freemarker.core.Expression.getStringValue(Expression.java:118)
	at freemarker.core.Expression.getStringValue(Expression.java:93)
	at freemarker.core.DollarVariable.accept(DollarVariable.java:76)
	at freemarker.core.Environment.visit(Environment.java:221)
	at freemarker.core.MixedContent.accept(MixedContent.java:92)
	at freemarker.core.Environment.visit(Environment.java:221)
	at freemarker.core.Environment.include(Environment.java:1508)
	at freemarker.core.Include.accept(Include.java:169)
	at freemarker.core.Environment.visit(Environment.java:221)
	at freemarker.core.MixedContent.accept(MixedContent.java:92)
	at freemarker.core.Environment.visit(Environment.java:221)
	at freemarker.core.Environment.process(Environment.java:199)
	at freemarker.template.Template.process(Template.java:259)
	at org.molgenis.compute.commandline.ComputeCommandLine.filledtemplate(ComputeCommandLine.java:416)
	at org.molgenis.compute.commandline.ComputeCommandLine.generateJobs(ComputeCommandLine.java:297)
	at org.molgenis.compute.commandline.ComputeCommandLine.main(ComputeCommandLine.java:489)
WARN main org.molgenis.compute.commandline.ComputeBundleFromDirectory - protocol /Users/mdijkstra/Documents/pompgemak/molgenis_distro/handwritten/compute4/molgenis_compute-7157a04/../../workflowdata/protocols/Footer.ftl does not contain #MOLGENIS header. Defaults will be used
WARN main org.molgenis.compute.commandline.ComputeBundleFromDirectory - protocol /Users/mdijkstra/Documents/pompgemak/molgenis_distro/handwritten/compute4/molgenis_compute-7157a04/../../workflowdata/protocols/Header.ftl does not contain #MOLGENIS header. Defaults will be used
WARN main org.molgenis.compute.commandline.ComputeBundleFromDirectory - protocol /Users/mdijkstra/Documents/pompgemak/molgenis_distro/handwritten/compute4/molgenis_compute-7157a04/../../workflowdata/protocols/Report.ftl does not contain #MOLGENIS header. Defaults will be used
WARN main org.molgenis.compute.commandline.ComputeBundleFromDirectory - protocol /Users/mdijkstra/Documents/pompgemak/molgenis_distro/handwritten/compute4/molgenis_compute-7157a04/../../workflowdata/protocols/Submit.sh.ftl does not contain #MOLGENIS header. Defaults will be used
WARN main org.molgenis.compute.commandline.ComputeBundleFromDirectory - protocol /Users/mdijkstra/Documents/pompgemak/molgenis_distro/handwritten/compute4/molgenis_compute-7157a04/../../workflowdata/protocols/Footer.ftl does not contain #MOLGENIS header. Defaults will be used
WARN main org.molgenis.compute.commandline.ComputeBundleFromDirectory - protocol /Users/mdijkstra/Documents/pompgemak/molgenis_distro/handwritten/compute4/molgenis_compute-7157a04/../../workflowdata/protocols/Header.ftl does not contain #MOLGENIS header. Defaults will be used
WARN main org.molgenis.compute.commandline.ComputeBundleFromDirectory - protocol /Users/mdijkstra/Documents/pompgemak/molgenis_distro/handwritten/compute4/molgenis_compute-7157a04/../../workflowdata/protocols/Report.ftl does not contain #MOLGENIS header. Defaults will be used
WARN main org.molgenis.compute.commandline.ComputeBundleFromDirectory - protocol /Users/mdijkstra/Documents/pompgemak/molgenis_distro/handwritten/compute4/molgenis_compute-7157a04/../../workflowdata/protocols/Submit.sh.ftl does not contain #MOLGENIS header. Defaults will be used
WARN main org.molgenis.compute.commandline.ComputeBundleFromDirectory - protocol /Users/mdijkstra/Documents/pompgemak/molgenis_distro/handwritten/compute4/molgenis_compute-7157a04/../../workflowdata/protocols/Footer.ftl does not contain #MOLGENIS header. Defaults will be used
WARN main org.molgenis.compute.commandline.ComputeBundleFromDirectory - protocol /Users/mdijkstra/Documents/pompgemak/molgenis_distro/handwritten/compute4/molgenis_compute-7157a04/../../workflowdata/protocols/Header.ftl does not contain #MOLGENIS header. Defaults will be used
WARN main org.molgenis.compute.commandline.ComputeBundleFromDirectory - protocol /Users/mdijkstra/Documents/pompgemak/molgenis_distro/handwritten/compute4/molgenis_compute-7157a04/../../workflowdata/protocols/Report.ftl does not contain #MOLGENIS header. Defaults will be used
WARN main org.molgenis.compute.commandline.ComputeBundleFromDirectory - protocol /Users/mdijkstra/Documents/pompgemak/molgenis_distro/handwritten/compute4/molgenis_compute-7157a04/../../workflowdata/protocols/Submit.sh.ftl does not contain #MOLGENIS header. Defaults will be used
WARN main org.molgenis.compute.commandline.ComputeBundleFromDirectory - protocol /Users/mdijkstra/Documents/pompgemak/molgenis_distro/handwritten/compute4/molgenis_compute-7157a04/../../workflowdata/protocols/Footer.ftl does not contain #MOLGENIS header. Defaults will be used
WARN main org.molgenis.compute.commandline.ComputeBundleFromDirectory - protocol /Users/mdijkstra/Documents/pompgemak/molgenis_distro/handwritten/compute4/molgenis_compute-7157a04/../../workflowdata/protocols/Header.ftl does not contain #MOLGENIS header. Defaults will be used
WARN main org.molgenis.compute.commandline.ComputeBundleFromDirectory - protocol /Users/mdijkstra/Documents/pompgemak/molgenis_distro/handwritten/compute4/molgenis_compute-7157a04/../../workflowdata/protocols/Report.ftl does not contain #MOLGENIS header. Defaults will be used
WARN main org.molgenis.compute.commandline.ComputeBundleFromDirectory - protocol /Users/mdijkstra/Documents/pompgemak/molgenis_distro/handwritten/compute4/molgenis_compute-7157a04/../../workflowdata/protocols/Submit.sh.ftl does not contain #MOLGENIS header. Defaults will be used
WARN main org.molgenis.compute.commandline.ComputeBundleFromDirectory - protocol /Users/mdijkstra/Documents/pompgemak/molgenis_distro/handwritten/compute4/molgenis_compute-7157a04/../../workflowdata/protocols/Footer.ftl does not contain #MOLGENIS header. Defaults will be used
WARN main org.molgenis.compute.commandline.ComputeBundleFromDirectory - protocol /Users/mdijkstra/Documents/pompgemak/molgenis_distro/handwritten/compute4/molgenis_compute-7157a04/../../workflowdata/protocols/Header.ftl does not contain #MOLGENIS header. Defaults will be used
WARN main org.molgenis.compute.commandline.ComputeBundleFromDirectory - protocol /Users/mdijkstra/Documents/pompgemak/molgenis_distro/handwritten/compute4/molgenis_compute-7157a04/../../workflowdata/protocols/Report.ftl does not contain #MOLGENIS header. Defaults will be used
WARN main org.molgenis.compute.commandline.ComputeBundleFromDirectory - protocol /Users/mdijkstra/Documents/pompgemak/molgenis_distro/handwritten/compute4/molgenis_compute-7157a04/../../workflowdata/protocols/Submit.sh.ftl does not contain #MOLGENIS header. Defaults will be used
WARN main org.molgenis.compute.commandline.ComputeBundleFromDirectory - protocol /Users/mdijkstra/Documents/pompgemak/molgenis_distro/handwritten/compute4/molgenis_compute-7157a04/../../workflowdata/protocols/Footer.ftl does not contain #MOLGENIS header. Defaults will be used
WARN main org.molgenis.compute.commandline.ComputeBundleFromDirectory - protocol /Users/mdijkstra/Documents/pompgemak/molgenis_distro/handwritten/compute4/molgenis_compute-7157a04/../../workflowdata/protocols/Header.ftl does not contain #MOLGENIS header. Defaults will be used
WARN main org.molgenis.compute.commandline.ComputeBundleFromDirectory - protocol /Users/mdijkstra/Documents/pompgemak/molgenis_distro/handwritten/compute4/molgenis_compute-7157a04/../../workflowdata/protocols/Report.ftl does not contain #MOLGENIS header. Defaults will be used
WARN main org.molgenis.compute.commandline.ComputeBundleFromDirectory - protocol /Users/mdijkstra/Documents/pompgemak/molgenis_distro/handwritten/compute4/molgenis_compute-7157a04/../../workflowdata/protocols/Submit.sh.ftl does not contain #MOLGENIS header. Defaults will be used
WARN main org.molgenis.compute.commandline.ComputeBundleFromDirectory - protocol /Users/mdijkstra/Documents/pompgemak/molgenis_distro/handwritten/compute4/molgenis_compute-7157a04/../../workflowdata/protocols/Footer.ftl does not contain #MOLGENIS header. Defaults will be used
WARN main org.molgenis.compute.commandline.ComputeBundleFromDirectory - protocol /Users/mdijkstra/Documents/pompgemak/molgenis_distro/handwritten/compute4/molgenis_compute-7157a04/../../workflowdata/protocols/Header.ftl does not contain #MOLGENIS header. Defaults will be used
WARN main org.molgenis.compute.commandline.ComputeBundleFromDirectory - protocol /Users/mdijkstra/Documents/pompgemak/molgenis_distro/handwritten/compute4/molgenis_compute-7157a04/../../workflowdata/protocols/Report.ftl does not contain #MOLGENIS header. Defaults will be used
WARN main org.molgenis.compute.commandline.ComputeBundleFromDirectory - protocol /Users/mdijkstra/Documents/pompgemak/molgenis_distro/handwritten/compute4/molgenis_compute-7157a04/../../workflowdata/protocols/Submit.sh.ftl does not contain #MOLGENIS header. Defaults will be used
WARN main org.molgenis.compute.commandline.ComputeBundleFromDirectory - protocol /Users/mdijkstra/Documents/pompgemak/molgenis_distro/handwritten/compute4/molgenis_compute-7157a04/../../workflowdata/protocols/Footer.ftl does not contain #MOLGENIS header. Defaults will be used
WARN main org.molgenis.compute.commandline.ComputeBundleFromDirectory - protocol /Users/mdijkstra/Documents/pompgemak/molgenis_distro/handwritten/compute4/molgenis_compute-7157a04/../../workflowdata/protocols/Header.ftl does not contain #MOLGENIS header. Defaults will be used
WARN main org.molgenis.compute.commandline.ComputeBundleFromDirectory - protocol /Users/mdijkstra/Documents/pompgemak/molgenis_distro/handwritten/compute4/molgenis_compute-7157a04/../../workflowdata/protocols/Report.ftl does not contain #MOLGENIS header. Defaults will be used
WARN main org.molgenis.compute.commandline.ComputeBundleFromDirectory - protocol /Users/mdijkstra/Documents/pompgemak/molgenis_distro/handwritten/compute4/molgenis_compute-7157a04/../../workflowdata/protocols/Submit.sh.ftl does not contain #MOLGENIS header. Defaults will be used
WARN main org.molgenis.compute.commandline.ComputeBundleFromDirectory - protocol /Users/mdijkstra/Documents/pompgemak/molgenis_distro/handwritten/compute4/molgenis_compute-7157a04/../../workflowdata/protocols/Footer.ftl does not contain #MOLGENIS header. Defaults will be used
WARN main org.molgenis.compute.commandline.ComputeBundleFromDirectory - protocol /Users/mdijkstra/Documents/pompgemak/molgenis_distro/handwritten/compute4/molgenis_compute-7157a04/../../workflowdata/protocols/Header.ftl does not contain #MOLGENIS header. Defaults will be used
WARN main org.molgenis.compute.commandline.ComputeBundleFromDirectory - protocol /Users/mdijkstra/Documents/pompgemak/molgenis_distro/handwritten/compute4/molgenis_compute-7157a04/../../workflowdata/protocols/Report.ftl does not contain #MOLGENIS header. Defaults will be used
WARN main org.molgenis.compute.commandline.ComputeBundleFromDirectory - protocol /Users/mdijkstra/Documents/pompgemak/molgenis_distro/handwritten/compute4/molgenis_compute-7157a04/../../workflowdata/protocols/Submit.sh.ftl does not contain #MOLGENIS header. Defaults will be used
WARN main org.molgenis.compute.commandline.ComputeBundleFromDirectory - protocol /Users/mdijkstra/Documents/pompgemak/molgenis_distro/handwritten/compute4/molgenis_compute-7157a04/../../workflowdata/protocols/Footer.ftl does not contain #MOLGENIS header. Defaults will be used
WARN main org.molgenis.compute.commandline.ComputeBundleFromDirectory - protocol /Users/mdijkstra/Documents/pompgemak/molgenis_distro/handwritten/compute4/molgenis_compute-7157a04/../../workflowdata/protocols/Header.ftl does not contain #MOLGENIS header. Defaults will be used
WARN main org.molgenis.compute.commandline.ComputeBundleFromDirectory - protocol /Users/mdijkstra/Documents/pompgemak/molgenis_distro/handwritten/compute4/molgenis_compute-7157a04/../../workflowdata/protocols/Report.ftl does not contain #MOLGENIS header. Defaults will be used
WARN main org.molgenis.compute.commandline.ComputeBundleFromDirectory - protocol /Users/mdijkstra/Documents/pompgemak/molgenis_distro/handwritten/compute4/molgenis_compute-7157a04/../../workflowdata/protocols/Submit.sh.ftl does not contain #MOLGENIS header. Defaults will be used
WARN main org.molgenis.compute.commandline.ComputeBundleFromDirectory - protocol /Users/mdijkstra/Documents/pompgemak/molgenis_distro/handwritten/compute4/molgenis_compute-7157a04/../../workflowdata/protocols/Footer.ftl does not contain #MOLGENIS header. Defaults will be used
WARN main org.molgenis.compute.commandline.ComputeBundleFromDirectory - protocol /Users/mdijkstra/Documents/pompgemak/molgenis_distro/handwritten/compute4/molgenis_compute-7157a04/../../workflowdata/protocols/Header.ftl does not contain #MOLGENIS header. Defaults will be used
WARN main org.molgenis.compute.commandline.ComputeBundleFromDirectory - protocol /Users/mdijkstra/Documents/pompgemak/molgenis_distro/handwritten/compute4/molgenis_compute-7157a04/../../workflowdata/protocols/Report.ftl does not contain #MOLGENIS header. Defaults will be used
WARN main org.molgenis.compute.commandline.ComputeBundleFromDirectory - protocol /Users/mdijkstra/Documents/pompgemak/molgenis_distro/handwritten/compute4/molgenis_compute-7157a04/../../workflowdata/protocols/Submit.sh.ftl does not contain #MOLGENIS header. Defaults will be used
WARN main org.molgenis.compute.commandline.ComputeBundleFromDirectory - protocol /Users/mdijkstra/Documents/pompgemak/molgenis_distro/handwritten/compute4/molgenis_compute-7157a04/../../workflowdata/protocols/Footer.ftl does not contain #MOLGENIS header. Defaults will be used
WARN main org.molgenis.compute.commandline.ComputeBundleFromDirectory - protocol /Users/mdijkstra/Documents/pompgemak/molgenis_distro/handwritten/compute4/molgenis_compute-7157a04/../../workflowdata/protocols/Header.ftl does not contain #MOLGENIS header. Defaults will be used
WARN main org.molgenis.compute.commandline.ComputeBundleFromDirectory - protocol /Users/mdijkstra/Documents/pompgemak/molgenis_distro/handwritten/compute4/molgenis_compute-7157a04/../../workflowdata/protocols/Report.ftl does not contain #MOLGENIS header. Defaults will be used
WARN main org.molgenis.compute.commandline.ComputeBundleFromDirectory - protocol /Users/mdijkstra/Documents/pompgemak/molgenis_distro/handwritten/compute4/molgenis_compute-7157a04/../../workflowdata/protocols/Submit.sh.ftl does not contain #MOLGENIS header. Defaults will be used
WARN main org.molgenis.compute.commandline.ComputeBundleFromDirectory - protocol /Users/mdijkstra/Documents/pompgemak/molgenis_distro/handwritten/compute4/molgenis_compute-7157a04/../../workflowdata/protocols/Footer.ftl does not contain #MOLGENIS header. Defaults will be used
WARN main org.molgenis.compute.commandline.ComputeBundleFromDirectory - protocol /Users/mdijkstra/Documents/pompgemak/molgenis_distro/handwritten/compute4/molgenis_compute-7157a04/../../workflowdata/protocols/Header.ftl does not contain #MOLGENIS header. Defaults will be used
WARN main org.molgenis.compute.commandline.ComputeBundleFromDirectory - protocol /Users/mdijkstra/Documents/pompgemak/molgenis_distro/handwritten/compute4/molgenis_compute-7157a04/../../workflowdata/protocols/Report.ftl does not contain #MOLGENIS header. Defaults will be used
WARN main org.molgenis.compute.commandline.ComputeBundleFromDirectory - protocol /Users/mdijkstra/Documents/pompgemak/molgenis_distro/handwritten/compute4/molgenis_compute-7157a04/../../workflowdata/protocols/Submit.sh.ftl does not contain #MOLGENIS header. Defaults will be used
WARN main org.molgenis.compute.commandline.ComputeBundleFromDirectory - protocol /Users/mdijkstra/Documents/pompgemak/molgenis_distro/handwritten/compute4/molgenis_compute-7157a04/../../workflowdata/protocols/Footer.ftl does not contain #MOLGENIS header. Defaults will be used
WARN main org.molgenis.compute.commandline.ComputeBundleFromDirectory - protocol /Users/mdijkstra/Documents/pompgemak/molgenis_distro/handwritten/compute4/molgenis_compute-7157a04/../../workflowdata/protocols/Header.ftl does not contain #MOLGENIS header. Defaults will be used
WARN main org.molgenis.compute.commandline.ComputeBundleFromDirectory - protocol /Users/mdijkstra/Documents/pompgemak/molgenis_distro/handwritten/compute4/molgenis_compute-7157a04/../../workflowdata/protocols/Report.ftl does not contain #MOLGENIS header. Defaults will be used
WARN main org.molgenis.compute.commandline.ComputeBundleFromDirectory - protocol /Users/mdijkstra/Documents/pompgemak/molgenis_distro/handwritten/compute4/molgenis_compute-7157a04/../../workflowdata/protocols/Submit.sh.ftl does not contain #MOLGENIS header. Defaults will be used
WARN main org.molgenis.compute.commandline.ComputeBundleFromDirectory - protocol /Users/mdijkstra/Documents/pompgemak/molgenis_distro/handwritten/compute4/molgenis_compute-7157a04/../../workflowdata/protocols/Footer.ftl does not contain #MOLGENIS header. Defaults will be used
WARN main org.molgenis.compute.commandline.ComputeBundleFromDirectory - protocol /Users/mdijkstra/Documents/pompgemak/molgenis_distro/handwritten/compute4/molgenis_compute-7157a04/../../workflowdata/protocols/Header.ftl does not contain #MOLGENIS header. Defaults will be used
WARN main org.molgenis.compute.commandline.ComputeBundleFromDirectory - protocol /Users/mdijkstra/Documents/pompgemak/molgenis_distro/handwritten/compute4/molgenis_compute-7157a04/../../workflowdata/protocols/Report.ftl does not contain #MOLGENIS header. Defaults will be used
WARN main org.molgenis.compute.commandline.ComputeBundleFromDirectory - protocol /Users/mdijkstra/Documents/pompgemak/molgenis_distro/handwritten/compute4/molgenis_compute-7157a04/../../workflowdata/protocols/Submit.sh.ftl does not contain #MOLGENIS header. Defaults will be used
WARN main org.molgenis.compute.commandline.ComputeBundleFromDirectory - protocol /Users/mdijkstra/Documents/pompgemak/molgenis_distro/handwritten/compute4/molgenis_compute-7157a04/../../workflowdata/protocols/Footer.ftl does not contain #MOLGENIS header. Defaults will be used
WARN main org.molgenis.compute.commandline.ComputeBundleFromDirectory - protocol /Users/mdijkstra/Documents/pompgemak/molgenis_distro/handwritten/compute4/molgenis_compute-7157a04/../../workflowdata/protocols/Header.ftl does not contain #MOLGENIS header. Defaults will be used
WARN main org.molgenis.compute.commandline.ComputeBundleFromDirectory - protocol /Users/mdijkstra/Documents/pompgemak/molgenis_distro/handwritten/compute4/molgenis_compute-7157a04/../../workflowdata/protocols/Report.ftl does not contain #MOLGENIS header. Defaults will be used
WARN main org.molgenis.compute.commandline.ComputeBundleFromDirectory - protocol /Users/mdijkstra/Documents/pompgemak/molgenis_distro/handwritten/compute4/molgenis_compute-7157a04/../../workflowdata/protocols/Submit.sh.ftl does not contain #MOLGENIS header. Defaults will be used
WARN main org.molgenis.compute.commandline.ComputeBundleFromDirectory - protocol /Users/mdijkstra/Documents/pompgemak/molgenis_distro/handwritten/compute4/molgenis_compute-7157a04/../../workflowdata/protocols/Footer.ftl does not contain #MOLGENIS header. Defaults will be used
WARN main org.molgenis.compute.commandline.ComputeBundleFromDirectory - protocol /Users/mdijkstra/Documents/pompgemak/molgenis_distro/handwritten/compute4/molgenis_compute-7157a04/../../workflowdata/protocols/Header.ftl does not contain #MOLGENIS header. Defaults will be used
WARN main org.molgenis.compute.commandline.ComputeBundleFromDirectory - protocol /Users/mdijkstra/Documents/pompgemak/molgenis_distro/handwritten/compute4/molgenis_compute-7157a04/../../workflowdata/protocols/Report.ftl does not contain #MOLGENIS header. Defaults will be used
WARN main org.molgenis.compute.commandline.ComputeBundleFromDirectory - protocol /Users/mdijkstra/Documents/pompgemak/molgenis_distro/handwritten/compute4/molgenis_compute-7157a04/../../workflowdata/protocols/Submit.sh.ftl does not contain #MOLGENIS header. Defaults will be used
WARN main org.molgenis.compute.commandline.ComputeBundleFromDirectory - protocol /Users/mdijkstra/Documents/pompgemak/molgenis_distro/handwritten/compute4/molgenis_compute-7157a04/../../workflowdata/protocols/BGPlot.ftl does not contain #MOLGENIS header. Defaults will be used
WARN main org.molgenis.compute.commandline.ComputeBundleFromDirectory - protocol /Users/mdijkstra/Documents/pompgemak/molgenis_distro/handwritten/compute4/molgenis_compute-7157a04/../../workflowdata/protocols/Footer.ftl does not contain #MOLGENIS header. Defaults will be used
WARN main org.molgenis.compute.commandline.ComputeBundleFromDirectory - protocol /Users/mdijkstra/Documents/pompgemak/molgenis_distro/handwritten/compute4/molgenis_compute-7157a04/../../workflowdata/protocols/Header.ftl does not contain #MOLGENIS header. Defaults will be used
WARN main org.molgenis.compute.commandline.ComputeBundleFromDirectory - protocol /Users/mdijkstra/Documents/pompgemak/molgenis_distro/handwritten/compute4/molgenis_compute-7157a04/../../workflowdata/protocols/Report.ftl does not contain #MOLGENIS header. Defaults will be used
WARN main org.molgenis.compute.commandline.ComputeBundleFromDirectory - protocol /Users/mdijkstra/Documents/pompgemak/molgenis_distro/handwritten/compute4/molgenis_compute-7157a04/../../workflowdata/protocols/Submit.sh.ftl does not contain #MOLGENIS header. Defaults will be used
WARN main org.molgenis.compute.commandline.ComputeBundleFromDirectory - protocol /Users/mdijkstra/Documents/pompgemak/molgenis_distro/handwritten/compute4/molgenis_compute-7157a04/../../workflowdata/protocols/BGPlot.ftl does not contain #MOLGENIS header. Defaults will be used
WARN main org.molgenis.compute.commandline.ComputeBundleFromDirectory - protocol /Users/mdijkstra/Documents/pompgemak/molgenis_distro/handwritten/compute4/molgenis_compute-7157a04/../../workflowdata/protocols/Footer.ftl does not contain #MOLGENIS header. Defaults will be used
WARN main org.molgenis.compute.commandline.ComputeBundleFromDirectory - protocol /Users/mdijkstra/Documents/pompgemak/molgenis_distro/handwritten/compute4/molgenis_compute-7157a04/../../workflowdata/protocols/Header.ftl does not contain #MOLGENIS header. Defaults will be used
WARN main org.molgenis.compute.commandline.ComputeBundleFromDirectory - protocol /Users/mdijkstra/Documents/pompgemak/molgenis_distro/handwritten/compute4/molgenis_compute-7157a04/../../workflowdata/protocols/Report.ftl does not contain #MOLGENIS header. Defaults will be used
WARN main org.molgenis.compute.commandline.ComputeBundleFromDirectory - protocol /Users/mdijkstra/Documents/pompgemak/molgenis_distro/handwritten/compute4/molgenis_compute-7157a04/../../workflowdata/protocols/Submit.sh.ftl does not contain #MOLGENIS header. Defaults will be used
WARN main org.molgenis.compute.commandline.ComputeBundleFromDirectory - protocol /Users/mdijkstra/Documents/pompgemak/molgenis_distro/handwritten/compute4/molgenis_compute-7157a04/../../workflowdata/protocols/BGPlot.ftl does not contain #MOLGENIS header. Defaults will be used
WARN main org.molgenis.compute.commandline.ComputeBundleFromDirectory - protocol /Users/mdijkstra/Documents/pompgemak/molgenis_distro/handwritten/compute4/molgenis_compute-7157a04/../../workflowdata/protocols/Footer.ftl does not contain #MOLGENIS header. Defaults will be used
WARN main org.molgenis.compute.commandline.ComputeBundleFromDirectory - protocol /Users/mdijkstra/Documents/pompgemak/molgenis_distro/handwritten/compute4/molgenis_compute-7157a04/../../workflowdata/protocols/Header.ftl does not contain #MOLGENIS header. Defaults will be used
WARN main org.molgenis.compute.commandline.ComputeBundleFromDirectory - protocol /Users/mdijkstra/Documents/pompgemak/molgenis_distro/handwritten/compute4/molgenis_compute-7157a04/../../workflowdata/protocols/Report.ftl does not contain #MOLGENIS header. Defaults will be used
WARN main org.molgenis.compute.commandline.ComputeBundleFromDirectory - protocol /Users/mdijkstra/Documents/pompgemak/molgenis_distro/handwritten/compute4/molgenis_compute-7157a04/../../workflowdata/protocols/Submit.sh.ftl does not contain #MOLGENIS header. Defaults will be used
WARN main org.molgenis.compute.commandline.ComputeBundleFromDirectory - protocol /Users/mdijkstra/Documents/pompgemak/molgenis_distro/handwritten/compute4/molgenis_compute-7157a04/../../workflowdata/protocols/BGPlot.ftl does not contain #MOLGENIS header. Defaults will be used
WARN main org.molgenis.compute.commandline.ComputeBundleFromDirectory - protocol /Users/mdijkstra/Documents/pompgemak/molgenis_distro/handwritten/compute4/molgenis_compute-7157a04/../../workflowdata/protocols/Footer.ftl does not contain #MOLGENIS header. Defaults will be used
WARN main org.molgenis.compute.commandline.ComputeBundleFromDirectory - protocol /Users/mdijkstra/Documents/pompgemak/molgenis_distro/handwritten/compute4/molgenis_compute-7157a04/../../workflowdata/protocols/Header.ftl does not contain #MOLGENIS header. Defaults will be used
WARN main org.molgenis.compute.commandline.ComputeBundleFromDirectory - protocol /Users/mdijkstra/Documents/pompgemak/molgenis_distro/handwritten/compute4/molgenis_compute-7157a04/../../workflowdata/protocols/Report.ftl does not contain #MOLGENIS header. Defaults will be used
WARN main org.molgenis.compute.commandline.ComputeBundleFromDirectory - protocol /Users/mdijkstra/Documents/pompgemak/molgenis_distro/handwritten/compute4/molgenis_compute-7157a04/../../workflowdata/protocols/Submit.sh.ftl does not contain #MOLGENIS header. Defaults will be used
WARN main org.molgenis.compute.commandline.ComputeBundleFromDirectory - protocol /Users/mdijkstra/Documents/pompgemak/molgenis_distro/handwritten/compute4/molgenis_compute-7157a04/../../workflowdata/protocols/BGPlot.ftl does not contain #MOLGENIS header. Defaults will be used
WARN main org.molgenis.compute.commandline.ComputeBundleFromDirectory - protocol /Users/mdijkstra/Documents/pompgemak/molgenis_distro/handwritten/compute4/molgenis_compute-7157a04/../../workflowdata/protocols/Footer.ftl does not contain #MOLGENIS header. Defaults will be used
WARN main org.molgenis.compute.commandline.ComputeBundleFromDirectory - protocol /Users/mdijkstra/Documents/pompgemak/molgenis_distro/handwritten/compute4/molgenis_compute-7157a04/../../workflowdata/protocols/Header.ftl does not contain #MOLGENIS header. Defaults will be used
WARN main org.molgenis.compute.commandline.ComputeBundleFromDirectory - protocol /Users/mdijkstra/Documents/pompgemak/molgenis_distro/handwritten/compute4/molgenis_compute-7157a04/../../workflowdata/protocols/Report.ftl does not contain #MOLGENIS header. Defaults will be used
WARN main org.molgenis.compute.commandline.ComputeBundleFromDirectory - protocol /Users/mdijkstra/Documents/pompgemak/molgenis_distro/handwritten/compute4/molgenis_compute-7157a04/../../workflowdata/protocols/Submit.sh.ftl does not contain #MOLGENIS header. Defaults will be used
WARN main org.molgenis.compute.commandline.ComputeBundleFromDirectory - protocol /Users/mdijkstra/Documents/pompgemak/molgenis_distro/handwritten/compute4/molgenis_compute-7157a04/../../workflowdata/protocols/BGPlot.ftl does not contain #MOLGENIS header. Defaults will be used
WARN main org.molgenis.compute.commandline.ComputeBundleFromDirectory - protocol /Users/mdijkstra/Documents/pompgemak/molgenis_distro/handwritten/compute4/molgenis_compute-7157a04/../../workflowdata/protocols/Footer.ftl does not contain #MOLGENIS header. Defaults will be used
WARN main org.molgenis.compute.commandline.ComputeBundleFromDirectory - protocol /Users/mdijkstra/Documents/pompgemak/molgenis_distro/handwritten/compute4/molgenis_compute-7157a04/../../workflowdata/protocols/Header.ftl does not contain #MOLGENIS header. Defaults will be used
WARN main org.molgenis.compute.commandline.ComputeBundleFromDirectory - protocol /Users/mdijkstra/Documents/pompgemak/molgenis_distro/handwritten/compute4/molgenis_compute-7157a04/../../workflowdata/protocols/Report.ftl does not contain #MOLGENIS header. Defaults will be used
WARN main org.molgenis.compute.commandline.ComputeBundleFromDirectory - protocol /Users/mdijkstra/Documents/pompgemak/molgenis_distro/handwritten/compute4/molgenis_compute-7157a04/../../workflowdata/protocols/Submit.sh.ftl does not contain #MOLGENIS header. Defaults will be used
WARN main org.molgenis.compute.commandline.ComputeBundleFromDirectory - protocol /Users/mdijkstra/Documents/pompgemak/molgenis_distro/handwritten/compute4/molgenis_compute-7157a04/../../workflowdata/protocols/BGPlot.ftl does not contain #MOLGENIS header. Defaults will be used
WARN main org.molgenis.compute.commandline.ComputeBundleFromDirectory - protocol /Users/mdijkstra/Documents/pompgemak/molgenis_distro/handwritten/compute4/molgenis_compute-7157a04/../../workflowdata/protocols/Footer.ftl does not contain #MOLGENIS header. Defaults will be used
WARN main org.molgenis.compute.commandline.ComputeBundleFromDirectory - protocol /Users/mdijkstra/Documents/pompgemak/molgenis_distro/handwritten/compute4/molgenis_compute-7157a04/../../workflowdata/protocols/Header.ftl does not contain #MOLGENIS header. Defaults will be used
WARN main org.molgenis.compute.commandline.ComputeBundleFromDirectory - protocol /Users/mdijkstra/Documents/pompgemak/molgenis_distro/handwritten/compute4/molgenis_compute-7157a04/../../workflowdata/protocols/Report.ftl does not contain #MOLGENIS header. Defaults will be used
WARN main org.molgenis.compute.commandline.ComputeBundleFromDirectory - protocol /Users/mdijkstra/Documents/pompgemak/molgenis_distro/handwritten/compute4/molgenis_compute-7157a04/../../workflowdata/protocols/Submit.sh.ftl does not contain #MOLGENIS header. Defaults will be used
WARN main org.molgenis.compute.commandline.ComputeBundleFromDirectory - protocol /Users/mdijkstra/Documents/pompgemak/molgenis_distro/handwritten/compute4/molgenis_compute-7157a04/../../workflowdata/protocols/BGPlot.ftl does not contain #MOLGENIS header. Defaults will be used
WARN main org.molgenis.compute.commandline.ComputeBundleFromDirectory - protocol /Users/mdijkstra/Documents/pompgemak/molgenis_distro/handwritten/compute4/molgenis_compute-7157a04/../../workflowdata/protocols/Footer.ftl does not contain #MOLGENIS header. Defaults will be used
WARN main org.molgenis.compute.commandline.ComputeBundleFromDirectory - protocol /Users/mdijkstra/Documents/pompgemak/molgenis_distro/handwritten/compute4/molgenis_compute-7157a04/../../workflowdata/protocols/Header.ftl does not contain #MOLGENIS header. Defaults will be used
WARN main org.molgenis.compute.commandline.ComputeBundleFromDirectory - protocol /Users/mdijkstra/Documents/pompgemak/molgenis_distro/handwritten/compute4/molgenis_compute-7157a04/../../workflowdata/protocols/Report.ftl does not contain #MOLGENIS header. Defaults will be used
WARN main org.molgenis.compute.commandline.ComputeBundleFromDirectory - protocol /Users/mdijkstra/Documents/pompgemak/molgenis_distro/handwritten/compute4/molgenis_compute-7157a04/../../workflowdata/protocols/Submit.sh.ftl does not contain #MOLGENIS header. Defaults will be used
WARN main org.molgenis.compute.commandline.ComputeBundleFromDirectory - protocol /Users/mdijkstra/Documents/pompgemak/molgenis_distro/handwritten/compute4/molgenis_compute-7157a04/../../workflowdata/protocols/BGPlot.ftl does not contain #MOLGENIS header. Defaults will be used
WARN main org.molgenis.compute.commandline.ComputeBundleFromDirectory - protocol /Users/mdijkstra/Documents/pompgemak/molgenis_distro/handwritten/compute4/molgenis_compute-7157a04/../../workflowdata/protocols/Footer.ftl does not contain #MOLGENIS header. Defaults will be used
WARN main org.molgenis.compute.commandline.ComputeBundleFromDirectory - protocol /Users/mdijkstra/Documents/pompgemak/molgenis_distro/handwritten/compute4/molgenis_compute-7157a04/../../workflowdata/protocols/Header.ftl does not contain #MOLGENIS header. Defaults will be used
WARN main org.molgenis.compute.commandline.ComputeBundleFromDirectory - protocol /Users/mdijkstra/Documents/pompgemak/molgenis_distro/handwritten/compute4/molgenis_compute-7157a04/../../workflowdata/protocols/Report.ftl does not contain #MOLGENIS header. Defaults will be used
WARN main org.molgenis.compute.commandline.ComputeBundleFromDirectory - protocol /Users/mdijkstra/Documents/pompgemak/molgenis_distro/handwritten/compute4/molgenis_compute-7157a04/../../workflowdata/protocols/Submit.sh.ftl does not contain #MOLGENIS header. Defaults will be used
WARN main org.molgenis.compute.commandline.ComputeBundleFromDirectory - protocol /Users/mdijkstra/Documents/pompgemak/molgenis_distro/handwritten/compute4/molgenis_compute-7157a04/../../workflowdata/protocols/BGPlot.ftl does not contain #MOLGENIS header. Defaults will be used
WARN main org.molgenis.compute.commandline.ComputeBundleFromDirectory - protocol /Users/mdijkstra/Documents/pompgemak/molgenis_distro/handwritten/compute4/molgenis_compute-7157a04/../../workflowdata/protocols/Footer.ftl does not contain #MOLGENIS header. Defaults will be used
WARN main org.molgenis.compute.commandline.ComputeBundleFromDirectory - protocol /Users/mdijkstra/Documents/pompgemak/molgenis_distro/handwritten/compute4/molgenis_compute-7157a04/../../workflowdata/protocols/Header.ftl does not contain #MOLGENIS header. Defaults will be used
WARN main org.molgenis.compute.commandline.ComputeBundleFromDirectory - protocol /Users/mdijkstra/Documents/pompgemak/molgenis_distro/handwritten/compute4/molgenis_compute-7157a04/../../workflowdata/protocols/Report.ftl does not contain #MOLGENIS header. Defaults will be used
WARN main org.molgenis.compute.commandline.ComputeBundleFromDirectory - protocol /Users/mdijkstra/Documents/pompgemak/molgenis_distro/handwritten/compute4/molgenis_compute-7157a04/../../workflowdata/protocols/Submit.sh.ftl does not contain #MOLGENIS header. Defaults will be used
WARN main org.molgenis.compute.commandline.ComputeBundleFromDirectory - protocol /Users/mdijkstra/Documents/pompgemak/molgenis_distro/handwritten/compute4/molgenis_compute-7157a04/../../workflowdata/protocols/BGPlot.ftl does not contain #MOLGENIS header. Defaults will be used
WARN main org.molgenis.compute.commandline.ComputeBundleFromDirectory - protocol /Users/mdijkstra/Documents/pompgemak/molgenis_distro/handwritten/compute4/molgenis_compute-7157a04/../../workflowdata/protocols/Footer.ftl does not contain #MOLGENIS header. Defaults will be used
WARN main org.molgenis.compute.commandline.ComputeBundleFromDirectory - protocol /Users/mdijkstra/Documents/pompgemak/molgenis_distro/handwritten/compute4/molgenis_compute-7157a04/../../workflowdata/protocols/Header.ftl does not contain #MOLGENIS header. Defaults will be used
WARN main org.molgenis.compute.commandline.ComputeBundleFromDirectory - protocol /Users/mdijkstra/Documents/pompgemak/molgenis_distro/handwritten/compute4/molgenis_compute-7157a04/../../workflowdata/protocols/Report.ftl does not contain #MOLGENIS header. Defaults will be used
WARN main org.molgenis.compute.commandline.ComputeBundleFromDirectory - protocol /Users/mdijkstra/Documents/pompgemak/molgenis_distro/handwritten/compute4/molgenis_compute-7157a04/../../workflowdata/protocols/Submit.sh.ftl does not contain #MOLGENIS header. Defaults will be used
WARN main org.molgenis.compute.commandline.ComputeBundleFromDirectory - protocol /Users/mdijkstra/Documents/pompgemak/molgenis_distro/handwritten/compute4/molgenis_compute-7157a04/../../workflowdata/protocols/BGPlot.ftl does not contain #MOLGENIS header. Defaults will be used
WARN main org.molgenis.compute.commandline.ComputeBundleFromDirectory - protocol /Users/mdijkstra/Documents/pompgemak/molgenis_distro/handwritten/compute4/molgenis_compute-7157a04/../../workflowdata/protocols/Footer.ftl does not contain #MOLGENIS header. Defaults will be used
WARN main org.molgenis.compute.commandline.ComputeBundleFromDirectory - protocol /Users/mdijkstra/Documents/pompgemak/molgenis_distro/handwritten/compute4/molgenis_compute-7157a04/../../workflowdata/protocols/Header.ftl does not contain #MOLGENIS header. Defaults will be used
WARN main org.molgenis.compute.commandline.ComputeBundleFromDirectory - protocol /Users/mdijkstra/Documents/pompgemak/molgenis_distro/handwritten/compute4/molgenis_compute-7157a04/../../workflowdata/protocols/Report.ftl does not contain #MOLGENIS header. Defaults will be used
WARN main org.molgenis.compute.commandline.ComputeBundleFromDirectory - protocol /Users/mdijkstra/Documents/pompgemak/molgenis_distro/handwritten/compute4/molgenis_compute-7157a04/../../workflowdata/protocols/Submit.sh.ftl does not contain #MOLGENIS header. Defaults will be used
WARN main org.molgenis.compute.commandline.ComputeBundleFromDirectory - protocol /Users/mdijkstra/Documents/pompgemak/molgenis_distro/handwritten/compute4/molgenis_compute-7157a04/../../workflowdata/protocols/BGPlot.ftl does not contain #MOLGENIS header. Defaults will be used
WARN main org.molgenis.compute.commandline.ComputeBundleFromDirectory - protocol /Users/mdijkstra/Documents/pompgemak/molgenis_distro/handwritten/compute4/molgenis_compute-7157a04/../../workflowdata/protocols/Footer.ftl does not contain #MOLGENIS header. Defaults will be used
WARN main org.molgenis.compute.commandline.ComputeBundleFromDirectory - protocol /Users/mdijkstra/Documents/pompgemak/molgenis_distro/handwritten/compute4/molgenis_compute-7157a04/../../workflowdata/protocols/Header.ftl does not contain #MOLGENIS header. Defaults will be used
WARN main org.molgenis.compute.commandline.ComputeBundleFromDirectory - protocol /Users/mdijkstra/Documents/pompgemak/molgenis_distro/handwritten/compute4/molgenis_compute-7157a04/../../workflowdata/protocols/Report.ftl does not contain #MOLGENIS header. Defaults will be used
WARN main org.molgenis.compute.commandline.ComputeBundleFromDirectory - protocol /Users/mdijkstra/Documents/pompgemak/molgenis_distro/handwritten/compute4/molgenis_compute-7157a04/../../workflowdata/protocols/Submit.sh.ftl does not contain #MOLGENIS header. Defaults will be used
WARN main org.molgenis.compute.commandline.ComputeBundleFromDirectory - protocol /Users/mdijkstra/Documents/pompgemak/molgenis_distro/handwritten/compute4/molgenis_compute-7157a04/../../workflowdata/protocols/BGPlot.ftl does not contain #MOLGENIS header. Defaults will be used
WARN main org.molgenis.compute.commandline.ComputeBundleFromDirectory - protocol /Users/mdijkstra/Documents/pompgemak/molgenis_distro/handwritten/compute4/molgenis_compute-7157a04/../../workflowdata/protocols/Footer.ftl does not contain #MOLGENIS header. Defaults will be used
WARN main org.molgenis.compute.commandline.ComputeBundleFromDirectory - protocol /Users/mdijkstra/Documents/pompgemak/molgenis_distro/handwritten/compute4/molgenis_compute-7157a04/../../workflowdata/protocols/Header.ftl does not contain #MOLGENIS header. Defaults will be used
WARN main org.molgenis.compute.commandline.ComputeBundleFromDirectory - protocol /Users/mdijkstra/Documents/pompgemak/molgenis_distro/handwritten/compute4/molgenis_compute-7157a04/../../workflowdata/protocols/Report.ftl does not contain #MOLGENIS header. Defaults will be used
WARN main org.molgenis.compute.commandline.ComputeBundleFromDirectory - protocol /Users/mdijkstra/Documents/pompgemak/molgenis_distro/handwritten/compute4/molgenis_compute-7157a04/../../workflowdata/protocols/Submit.sh.ftl does not contain #MOLGENIS header. Defaults will be used
WARN main org.molgenis.compute.commandline.ComputeBundleFromDirectory - protocol /Users/mdijkstra/Documents/pompgemak/molgenis_distro/handwritten/compute4/molgenis_compute-7157a04/../../workflowdata/protocols/BGPlot.ftl does not contain #MOLGENIS header. Defaults will be used
WARN main org.molgenis.compute.commandline.ComputeBundleFromDirectory - protocol /Users/mdijkstra/Documents/pompgemak/molgenis_distro/handwritten/compute4/molgenis_compute-7157a04/../../workflowdata/protocols/Footer.ftl does not contain #MOLGENIS header. Defaults will be used
WARN main org.molgenis.compute.commandline.ComputeBundleFromDirectory - protocol /Users/mdijkstra/Documents/pompgemak/molgenis_distro/handwritten/compute4/molgenis_compute-7157a04/../../workflowdata/protocols/Header.ftl does not contain #MOLGENIS header. Defaults will be used
WARN main org.molgenis.compute.commandline.ComputeBundleFromDirectory - protocol /Users/mdijkstra/Documents/pompgemak/molgenis_distro/handwritten/compute4/molgenis_compute-7157a04/../../workflowdata/protocols/Report.ftl does not contain #MOLGENIS header. Defaults will be used
WARN main org.molgenis.compute.commandline.ComputeBundleFromDirectory - protocol /Users/mdijkstra/Documents/pompgemak/molgenis_distro/handwritten/compute4/molgenis_compute-7157a04/../../workflowdata/protocols/Submit.sh.ftl does not contain #MOLGENIS header. Defaults will be used
WARN main org.molgenis.compute.commandline.ComputeBundleFromDirectory - protocol /Users/mdijkstra/Documents/pompgemak/molgenis_distro/handwritten/compute4/molgenis_compute-7157a04/../../workflowdata/protocols/BGPlot.ftl does not contain #MOLGENIS header. Defaults will be used
WARN main org.molgenis.compute.commandline.ComputeBundleFromDirectory - protocol /Users/mdijkstra/Documents/pompgemak/molgenis_distro/handwritten/compute4/molgenis_compute-7157a04/../../workflowdata/protocols/Footer.ftl does not contain #MOLGENIS header. Defaults will be used
WARN main org.molgenis.compute.commandline.ComputeBundleFromDirectory - protocol /Users/mdijkstra/Documents/pompgemak/molgenis_distro/handwritten/compute4/molgenis_compute-7157a04/../../workflowdata/protocols/Header.ftl does not contain #MOLGENIS header. Defaults will be used
WARN main org.molgenis.compute.commandline.ComputeBundleFromDirectory - protocol /Users/mdijkstra/Documents/pompgemak/molgenis_distro/handwritten/compute4/molgenis_compute-7157a04/../../workflowdata/protocols/Report.ftl does not contain #MOLGENIS header. Defaults will be used
WARN main org.molgenis.compute.commandline.ComputeBundleFromDirectory - protocol /Users/mdijkstra/Documents/pompgemak/molgenis_distro/handwritten/compute4/molgenis_compute-7157a04/../../workflowdata/protocols/Submit.sh.ftl does not contain #MOLGENIS header. Defaults will be used
WARN main org.molgenis.compute.commandline.ComputeBundleFromDirectory - protocol /Users/mdijkstra/Documents/pompgemak/molgenis_distro/handwritten/compute4/molgenis_compute-7157a04/../../workflowdata/protocols/BGPlot.ftl does not contain #MOLGENIS header. Defaults will be used
WARN main org.molgenis.compute.commandline.ComputeBundleFromDirectory - protocol /Users/mdijkstra/Documents/pompgemak/molgenis_distro/handwritten/compute4/molgenis_compute-7157a04/../../workflowdata/protocols/Footer.ftl does not contain #MOLGENIS header. Defaults will be used
WARN main org.molgenis.compute.commandline.ComputeBundleFromDirectory - protocol /Users/mdijkstra/Documents/pompgemak/molgenis_distro/handwritten/compute4/molgenis_compute-7157a04/../../workflowdata/protocols/Header.ftl does not contain #MOLGENIS header. Defaults will be used
WARN main org.molgenis.compute.commandline.ComputeBundleFromDirectory - protocol /Users/mdijkstra/Documents/pompgemak/molgenis_distro/handwritten/compute4/molgenis_compute-7157a04/../../workflowdata/protocols/Report.ftl does not contain #MOLGENIS header. Defaults will be used
WARN main org.molgenis.compute.commandline.ComputeBundleFromDirectory - protocol /Users/mdijkstra/Documents/pompgemak/molgenis_distro/handwritten/compute4/molgenis_compute-7157a04/../../workflowdata/protocols/Submit.sh.ftl does not contain #MOLGENIS header. Defaults will be used
WARN main org.molgenis.compute.commandline.ComputeBundleFromDirectory - protocol /Users/mdijkstra/Documents/pompgemak/molgenis_distro/handwritten/compute4/molgenis_compute-7157a04/../../workflowdata/protocols/BGPlot.ftl does not contain #MOLGENIS header. Defaults will be used
WARN main org.molgenis.compute.commandline.ComputeBundleFromDirectory - protocol /Users/mdijkstra/Documents/pompgemak/molgenis_distro/handwritten/compute4/molgenis_compute-7157a04/../../workflowdata/protocols/Footer.ftl does not contain #MOLGENIS header. Defaults will be used
WARN main org.molgenis.compute.commandline.ComputeBundleFromDirectory - protocol /Users/mdijkstra/Documents/pompgemak/molgenis_distro/handwritten/compute4/molgenis_compute-7157a04/../../workflowdata/protocols/Header.ftl does not contain #MOLGENIS header. Defaults will be used
WARN main org.molgenis.compute.commandline.ComputeBundleFromDirectory - protocol /Users/mdijkstra/Documents/pompgemak/molgenis_distro/handwritten/compute4/molgenis_compute-7157a04/../../workflowdata/protocols/Report.ftl does not contain #MOLGENIS header. Defaults will be used
WARN main org.molgenis.compute.commandline.ComputeBundleFromDirectory - protocol /Users/mdijkstra/Documents/pompgemak/molgenis_distro/handwritten/compute4/molgenis_compute-7157a04/../../workflowdata/protocols/Submit.sh.ftl does not contain #MOLGENIS header. Defaults will be used
WARN main org.molgenis.compute.commandline.ComputeBundleFromDirectory - protocol /Users/mdijkstra/Documents/pompgemak/molgenis_distro/handwritten/compute4/molgenis_compute-7157a04/../../workflowdata/protocols/BGPlot.ftl does not contain #MOLGENIS header. Defaults will be used
WARN main org.molgenis.compute.commandline.ComputeBundleFromDirectory - protocol /Users/mdijkstra/Documents/pompgemak/molgenis_distro/handwritten/compute4/molgenis_compute-7157a04/../../workflowdata/protocols/Footer.ftl does not contain #MOLGENIS header. Defaults will be used
WARN main org.molgenis.compute.commandline.ComputeBundleFromDirectory - protocol /Users/mdijkstra/Documents/pompgemak/molgenis_distro/handwritten/compute4/molgenis_compute-7157a04/../../workflowdata/protocols/Header.ftl does not contain #MOLGENIS header. Defaults will be used
WARN main org.molgenis.compute.commandline.ComputeBundleFromDirectory - protocol /Users/mdijkstra/Documents/pompgemak/molgenis_distro/handwritten/compute4/molgenis_compute-7157a04/../../workflowdata/protocols/Report.ftl does not contain #MOLGENIS header. Defaults will be used
WARN main org.molgenis.compute.commandline.ComputeBundleFromDirectory - protocol /Users/mdijkstra/Documents/pompgemak/molgenis_distro/handwritten/compute4/molgenis_compute-7157a04/../../workflowdata/protocols/Submit.sh.ftl does not contain #MOLGENIS header. Defaults will be used
WARN main org.molgenis.compute.commandline.ComputeBundleFromDirectory - protocol /Users/mdijkstra/Documents/pompgemak/molgenis_distro/handwritten/compute4/molgenis_compute-7157a04/../../workflowdata/protocols/BGPlot.ftl does not contain #MOLGENIS header. Defaults will be used
WARN main org.molgenis.compute.commandline.ComputeBundleFromDirectory - protocol /Users/mdijkstra/Documents/pompgemak/molgenis_distro/handwritten/compute4/molgenis_compute-7157a04/../../workflowdata/protocols/Footer.ftl does not contain #MOLGENIS header. Defaults will be used
WARN main org.molgenis.compute.commandline.ComputeBundleFromDirectory - protocol /Users/mdijkstra/Documents/pompgemak/molgenis_distro/handwritten/compute4/molgenis_compute-7157a04/../../workflowdata/protocols/Header.ftl does not contain #MOLGENIS header. Defaults will be used
WARN main org.molgenis.compute.commandline.ComputeBundleFromDirectory - protocol /Users/mdijkstra/Documents/pompgemak/molgenis_distro/handwritten/compute4/molgenis_compute-7157a04/../../workflowdata/protocols/Report.ftl does not contain #MOLGENIS header. Defaults will be used
WARN main org.molgenis.compute.commandline.ComputeBundleFromDirectory - protocol /Users/mdijkstra/Documents/pompgemak/molgenis_distro/handwritten/compute4/molgenis_compute-7157a04/../../workflowdata/protocols/Submit.sh.ftl does not contain #MOLGENIS header. Defaults will be used
WARN main org.molgenis.compute.commandline.ComputeBundleFromDirectory - protocol /Users/mdijkstra/Documents/pompgemak/molgenis_distro/handwritten/compute4/molgenis_compute-7157a04/../../workflowdata/protocols/BGPlot.ftl does not contain #MOLGENIS header. Defaults will be used
WARN main org.molgenis.compute.commandline.ComputeBundleFromDirectory - protocol /Users/mdijkstra/Documents/pompgemak/molgenis_distro/handwritten/compute4/molgenis_compute-7157a04/../../workflowdata/protocols/Footer.ftl does not contain #MOLGENIS header. Defaults will be used
WARN main org.molgenis.compute.commandline.ComputeBundleFromDirectory - protocol /Users/mdijkstra/Documents/pompgemak/molgenis_distro/handwritten/compute4/molgenis_compute-7157a04/../../workflowdata/protocols/Header.ftl does not contain #MOLGENIS header. Defaults will be used
WARN main org.molgenis.compute.commandline.ComputeBundleFromDirectory - protocol /Users/mdijkstra/Documents/pompgemak/molgenis_distro/handwritten/compute4/molgenis_compute-7157a04/../../workflowdata/protocols/Report.ftl does not contain #MOLGENIS header. Defaults will be used
WARN main org.molgenis.compute.commandline.ComputeBundleFromDirectory - protocol /Users/mdijkstra/Documents/pompgemak/molgenis_distro/handwritten/compute4/molgenis_compute-7157a04/../../workflowdata/protocols/Submit.sh.ftl does not contain #MOLGENIS header. Defaults will be used
WARN main org.molgenis.compute.commandline.ComputeBundleFromDirectory - protocol /Users/mdijkstra/Documents/pompgemak/molgenis_distro/handwritten/compute4/molgenis_compute-7157a04/../../workflowdata/protocols/BGPlot.ftl does not contain #MOLGENIS header. Defaults will be used
WARN main org.molgenis.compute.commandline.ComputeBundleFromDirectory - protocol /Users/mdijkstra/Documents/pompgemak/molgenis_distro/handwritten/compute4/molgenis_compute-7157a04/../../workflowdata/protocols/Footer.ftl does not contain #MOLGENIS header. Defaults will be used
WARN main org.molgenis.compute.commandline.ComputeBundleFromDirectory - protocol /Users/mdijkstra/Documents/pompgemak/molgenis_distro/handwritten/compute4/molgenis_compute-7157a04/../../workflowdata/protocols/Header.ftl does not contain #MOLGENIS header. Defaults will be used
WARN main org.molgenis.compute.commandline.ComputeBundleFromDirectory - protocol /Users/mdijkstra/Documents/pompgemak/molgenis_distro/handwritten/compute4/molgenis_compute-7157a04/../../workflowdata/protocols/Report.ftl does not contain #MOLGENIS header. Defaults will be used
WARN main org.molgenis.compute.commandline.ComputeBundleFromDirectory - protocol /Users/mdijkstra/Documents/pompgemak/molgenis_distro/handwritten/compute4/molgenis_compute-7157a04/../../workflowdata/protocols/Submit.sh.ftl does not contain #MOLGENIS header. Defaults will be used
WARN main org.molgenis.compute.commandline.ComputeBundleFromDirectory - protocol /Users/mdijkstra/Documents/pompgemak/molgenis_distro/handwritten/compute4/molgenis_compute-7157a04/../../workflowdata/protocols/BGPlot.ftl does not contain #MOLGENIS header. Defaults will be used
WARN main org.molgenis.compute.commandline.ComputeBundleFromDirectory - protocol /Users/mdijkstra/Documents/pompgemak/molgenis_distro/handwritten/compute4/molgenis_compute-7157a04/../../workflowdata/protocols/Footer.ftl does not contain #MOLGENIS header. Defaults will be used
WARN main org.molgenis.compute.commandline.ComputeBundleFromDirectory - protocol /Users/mdijkstra/Documents/pompgemak/molgenis_distro/handwritten/compute4/molgenis_compute-7157a04/../../workflowdata/protocols/Header.ftl does not contain #MOLGENIS header. Defaults will be used
WARN main org.molgenis.compute.commandline.ComputeBundleFromDirectory - protocol /Users/mdijkstra/Documents/pompgemak/molgenis_distro/handwritten/compute4/molgenis_compute-7157a04/../../workflowdata/protocols/Report.ftl does not contain #MOLGENIS header. Defaults will be used
WARN main org.molgenis.compute.commandline.ComputeBundleFromDirectory - protocol /Users/mdijkstra/Documents/pompgemak/molgenis_distro/handwritten/compute4/molgenis_compute-7157a04/../../workflowdata/protocols/Submit.sh.ftl does not contain #MOLGENIS header. Defaults will be used
WARN main org.molgenis.compute.commandline.ComputeBundleFromDirectory - protocol /Users/mdijkstra/Documents/pompgemak/molgenis_distro/handwritten/compute4/molgenis_compute-7157a04/../../workflowdata/protocols/BGPlot.ftl does not contain #MOLGENIS header. Defaults will be used
WARN main org.molgenis.compute.commandline.ComputeBundleFromDirectory - protocol /Users/mdijkstra/Documents/pompgemak/molgenis_distro/handwritten/compute4/molgenis_compute-7157a04/../../workflowdata/protocols/Footer.ftl does not contain #MOLGENIS header. Defaults will be used
WARN main org.molgenis.compute.commandline.ComputeBundleFromDirectory - protocol /Users/mdijkstra/Documents/pompgemak/molgenis_distro/handwritten/compute4/molgenis_compute-7157a04/../../workflowdata/protocols/Header.ftl does not contain #MOLGENIS header. Defaults will be used
WARN main org.molgenis.compute.commandline.ComputeBundleFromDirectory - protocol /Users/mdijkstra/Documents/pompgemak/molgenis_distro/handwritten/compute4/molgenis_compute-7157a04/../../workflowdata/protocols/Report.ftl does not contain #MOLGENIS header. Defaults will be used
WARN main org.molgenis.compute.commandline.ComputeBundleFromDirectory - protocol /Users/mdijkstra/Documents/pompgemak/molgenis_distro/handwritten/compute4/molgenis_compute-7157a04/../../workflowdata/protocols/Submit.sh.ftl does not contain #MOLGENIS header. Defaults will be used
WARN main org.molgenis.compute.commandline.ComputeBundleFromDirectory - protocol /Users/mdijkstra/Documents/pompgemak/molgenis_distro/handwritten/compute4/molgenis_compute-7157a04/../../workflowdata/protocols/BGPlot.ftl does not contain #MOLGENIS header. Defaults will be used
WARN main org.molgenis.compute.commandline.ComputeBundleFromDirectory - protocol /Users/mdijkstra/Documents/pompgemak/molgenis_distro/handwritten/compute4/molgenis_compute-7157a04/../../workflowdata/protocols/Footer.ftl does not contain #MOLGENIS header. Defaults will be used
WARN main org.molgenis.compute.commandline.ComputeBundleFromDirectory - protocol /Users/mdijkstra/Documents/pompgemak/molgenis_distro/handwritten/compute4/molgenis_compute-7157a04/../../workflowdata/protocols/Header.ftl does not contain #MOLGENIS header. Defaults will be used
WARN main org.molgenis.compute.commandline.ComputeBundleFromDirectory - protocol /Users/mdijkstra/Documents/pompgemak/molgenis_distro/handwritten/compute4/molgenis_compute-7157a04/../../workflowdata/protocols/Report.ftl does not contain #MOLGENIS header. Defaults will be used
WARN main org.molgenis.compute.commandline.ComputeBundleFromDirectory - protocol /Users/mdijkstra/Documents/pompgemak/molgenis_distro/handwritten/compute4/molgenis_compute-7157a04/../../workflowdata/protocols/Submit.sh.ftl does not contain #MOLGENIS header. Defaults will be used
WARN main org.molgenis.compute.commandline.ComputeBundleFromDirectory - protocol /Users/mdijkstra/Documents/pompgemak/molgenis_distro/handwritten/compute4/molgenis_compute-7157a04/../../workflowdata/protocols/BGPlot.ftl does not contain #MOLGENIS header. Defaults will be used
WARN main org.molgenis.compute.commandline.ComputeBundleFromDirectory - protocol /Users/mdijkstra/Documents/pompgemak/molgenis_distro/handwritten/compute4/molgenis_compute-7157a04/../../workflowdata/protocols/Footer.ftl does not contain #MOLGENIS header. Defaults will be used
WARN main org.molgenis.compute.commandline.ComputeBundleFromDirectory - protocol /Users/mdijkstra/Documents/pompgemak/molgenis_distro/handwritten/compute4/molgenis_compute-7157a04/../../workflowdata/protocols/Header.ftl does not contain #MOLGENIS header. Defaults will be used
WARN main org.molgenis.compute.commandline.ComputeBundleFromDirectory - protocol /Users/mdijkstra/Documents/pompgemak/molgenis_distro/handwritten/compute4/molgenis_compute-7157a04/../../workflowdata/protocols/Report.ftl does not contain #MOLGENIS header. Defaults will be used
WARN main org.molgenis.compute.commandline.ComputeBundleFromDirectory - protocol /Users/mdijkstra/Documents/pompgemak/molgenis_distro/handwritten/compute4/molgenis_compute-7157a04/../../workflowdata/protocols/Submit.sh.ftl does not contain #MOLGENIS header. Defaults will be used
WARN main org.molgenis.compute.commandline.ComputeBundleFromDirectory - protocol /Users/mdijkstra/Documents/pompgemak/molgenis_distro/handwritten/compute4/molgenis_compute-7157a04/../../workflowdata/protocols/BGPlot.ftl does not contain #MOLGENIS header. Defaults will be used
WARN main org.molgenis.compute.commandline.ComputeBundleFromDirectory - protocol /Users/mdijkstra/Documents/pompgemak/molgenis_distro/handwritten/compute4/molgenis_compute-7157a04/../../workflowdata/protocols/Footer.ftl does not contain #MOLGENIS header. Defaults will be used
WARN main org.molgenis.compute.commandline.ComputeBundleFromDirectory - protocol /Users/mdijkstra/Documents/pompgemak/molgenis_distro/handwritten/compute4/molgenis_compute-7157a04/../../workflowdata/protocols/Header.ftl does not contain #MOLGENIS header. Defaults will be used
WARN main org.molgenis.compute.commandline.ComputeBundleFromDirectory - protocol /Users/mdijkstra/Documents/pompgemak/molgenis_distro/handwritten/compute4/molgenis_compute-7157a04/../../workflowdata/protocols/Report.ftl does not contain #MOLGENIS header. Defaults will be used
WARN main org.molgenis.compute.commandline.ComputeBundleFromDirectory - protocol /Users/mdijkstra/Documents/pompgemak/molgenis_distro/handwritten/compute4/molgenis_compute-7157a04/../../workflowdata/protocols/Submit.sh.ftl does not contain #MOLGENIS header. Defaults will be used
WARN main org.molgenis.compute.commandline.ComputeBundleFromDirectory - protocol /Users/mdijkstra/Documents/pompgemak/molgenis_distro/handwritten/compute4/molgenis_compute-7157a04/../../workflowdata/protocols/BGPlot.ftl does not contain #MOLGENIS header. Defaults will be used
WARN main org.molgenis.compute.commandline.ComputeBundleFromDirectory - protocol /Users/mdijkstra/Documents/pompgemak/molgenis_distro/handwritten/compute4/molgenis_compute-7157a04/../../workflowdata/protocols/Footer.ftl does not contain #MOLGENIS header. Defaults will be used
WARN main org.molgenis.compute.commandline.ComputeBundleFromDirectory - protocol /Users/mdijkstra/Documents/pompgemak/molgenis_distro/handwritten/compute4/molgenis_compute-7157a04/../../workflowdata/protocols/Header.ftl does not contain #MOLGENIS header. Defaults will be used
WARN main org.molgenis.compute.commandline.ComputeBundleFromDirectory - protocol /Users/mdijkstra/Documents/pompgemak/molgenis_distro/handwritten/compute4/molgenis_compute-7157a04/../../workflowdata/protocols/Report.ftl does not contain #MOLGENIS header. Defaults will be used
WARN main org.molgenis.compute.commandline.ComputeBundleFromDirectory - protocol /Users/mdijkstra/Documents/pompgemak/molgenis_distro/handwritten/compute4/molgenis_compute-7157a04/../../workflowdata/protocols/Submit.sh.ftl does not contain #MOLGENIS header. Defaults will be used
WARN main org.molgenis.compute.commandline.ComputeBundleFromDirectory - protocol /Users/mdijkstra/Documents/pompgemak/molgenis_distro/handwritten/compute4/molgenis_compute-7157a04/../../workflowdata/protocols/BGPlot.ftl does not contain #MOLGENIS header. Defaults will be used
WARN main org.molgenis.compute.commandline.ComputeBundleFromDirectory - protocol /Users/mdijkstra/Documents/pompgemak/molgenis_distro/handwritten/compute4/molgenis_compute-7157a04/../../workflowdata/protocols/Footer.ftl does not contain #MOLGENIS header. Defaults will be used
WARN main org.molgenis.compute.commandline.ComputeBundleFromDirectory - protocol /Users/mdijkstra/Documents/pompgemak/molgenis_distro/handwritten/compute4/molgenis_compute-7157a04/../../workflowdata/protocols/Header.ftl does not contain #MOLGENIS header. Defaults will be used
WARN main org.molgenis.compute.commandline.ComputeBundleFromDirectory - protocol /Users/mdijkstra/Documents/pompgemak/molgenis_distro/handwritten/compute4/molgenis_compute-7157a04/../../workflowdata/protocols/Report.ftl does not contain #MOLGENIS header. Defaults will be used
WARN main org.molgenis.compute.commandline.ComputeBundleFromDirectory - protocol /Users/mdijkstra/Documents/pompgemak/molgenis_distro/handwritten/compute4/molgenis_compute-7157a04/../../workflowdata/protocols/Submit.sh.ftl does not contain #MOLGENIS header. Defaults will be used
WARN main org.molgenis.compute.commandline.ComputeBundleFromDirectory - protocol /Users/mdijkstra/Documents/pompgemak/molgenis_distro/handwritten/compute4/molgenis_compute-7157a04/../../workflowdata/protocols/BGPlot.ftl does not contain #MOLGENIS header. Defaults will be used
WARN main org.molgenis.compute.commandline.ComputeBundleFromDirectory - protocol /Users/mdijkstra/Documents/pompgemak/molgenis_distro/handwritten/compute4/molgenis_compute-7157a04/../../workflowdata/protocols/Footer.ftl does not contain #MOLGENIS header. Defaults will be used
WARN main org.molgenis.compute.commandline.ComputeBundleFromDirectory - protocol /Users/mdijkstra/Documents/pompgemak/molgenis_distro/handwritten/compute4/molgenis_compute-7157a04/../../workflowdata/protocols/Header.ftl does not contain #MOLGENIS header. Defaults will be used
WARN main org.molgenis.compute.commandline.ComputeBundleFromDirectory - protocol /Users/mdijkstra/Documents/pompgemak/molgenis_distro/handwritten/compute4/molgenis_compute-7157a04/../../workflowdata/protocols/Report.ftl does not contain #MOLGENIS header. Defaults will be used
WARN main org.molgenis.compute.commandline.ComputeBundleFromDirectory - protocol /Users/mdijkstra/Documents/pompgemak/molgenis_distro/handwritten/compute4/molgenis_compute-7157a04/../../workflowdata/protocols/Submit.sh.ftl does not contain #MOLGENIS header. Defaults will be used
WARN main org.molgenis.compute.commandline.ComputeBundleFromDirectory - protocol /Users/mdijkstra/Documents/pompgemak/molgenis_distro/handwritten/compute4/molgenis_compute-7157a04/../../workflowdata/protocols/BGPlot.ftl does not contain #MOLGENIS header. Defaults will be used
WARN main org.molgenis.compute.commandline.ComputeBundleFromDirectory - protocol /Users/mdijkstra/Documents/pompgemak/molgenis_distro/handwritten/compute4/molgenis_compute-7157a04/../../workflowdata/protocols/Footer.ftl does not contain #MOLGENIS header. Defaults will be used
WARN main org.molgenis.compute.commandline.ComputeBundleFromDirectory - protocol /Users/mdijkstra/Documents/pompgemak/molgenis_distro/handwritten/compute4/molgenis_compute-7157a04/../../workflowdata/protocols/Header.ftl does not contain #MOLGENIS header. Defaults will be used
WARN main org.molgenis.compute.commandline.ComputeBundleFromDirectory - protocol /Users/mdijkstra/Documents/pompgemak/molgenis_distro/handwritten/compute4/molgenis_compute-7157a04/../../workflowdata/protocols/Report.ftl does not contain #MOLGENIS header. Defaults will be used
WARN main org.molgenis.compute.commandline.ComputeBundleFromDirectory - protocol /Users/mdijkstra/Documents/pompgemak/molgenis_distro/handwritten/compute4/molgenis_compute-7157a04/../../workflowdata/protocols/Submit.sh.ftl does not contain #MOLGENIS header. Defaults will be used
WARN main org.molgenis.compute.commandline.ComputeBundleFromDirectory - protocol /Users/mdijkstra/Documents/pompgemak/molgenis_distro/handwritten/compute4/molgenis_compute-7157a04/../../workflowdata/protocols/BGPlot.ftl does not contain #MOLGENIS header. Defaults will be used
WARN main org.molgenis.compute.commandline.ComputeBundleFromDirectory - protocol /Users/mdijkstra/Documents/pompgemak/molgenis_distro/handwritten/compute4/molgenis_compute-7157a04/../../workflowdata/protocols/Footer.ftl does not contain #MOLGENIS header. Defaults will be used
WARN main org.molgenis.compute.commandline.ComputeBundleFromDirectory - protocol /Users/mdijkstra/Documents/pompgemak/molgenis_distro/handwritten/compute4/molgenis_compute-7157a04/../../workflowdata/protocols/Header.ftl does not contain #MOLGENIS header. Defaults will be used
WARN main org.molgenis.compute.commandline.ComputeBundleFromDirectory - protocol /Users/mdijkstra/Documents/pompgemak/molgenis_distro/handwritten/compute4/molgenis_compute-7157a04/../../workflowdata/protocols/Report.ftl does not contain #MOLGENIS header. Defaults will be used
WARN main org.molgenis.compute.commandline.ComputeBundleFromDirectory - protocol /Users/mdijkstra/Documents/pompgemak/molgenis_distro/handwritten/compute4/molgenis_compute-7157a04/../../workflowdata/protocols/Submit.sh.ftl does not contain #MOLGENIS header. Defaults will be used
WARN main org.molgenis.compute.commandline.ComputeBundleFromDirectory - protocol /Users/mdijkstra/Documents/pompgemak/molgenis_distro/handwritten/compute4/molgenis_compute-7157a04/../../workflowdata/protocols/BGPlot.ftl does not contain #MOLGENIS header. Defaults will be used
WARN main org.molgenis.compute.commandline.ComputeBundleFromDirectory - protocol /Users/mdijkstra/Documents/pompgemak/molgenis_distro/handwritten/compute4/molgenis_compute-7157a04/../../workflowdata/protocols/Footer.ftl does not contain #MOLGENIS header. Defaults will be used
WARN main org.molgenis.compute.commandline.ComputeBundleFromDirectory - protocol /Users/mdijkstra/Documents/pompgemak/molgenis_distro/handwritten/compute4/molgenis_compute-7157a04/../../workflowdata/protocols/Header.ftl does not contain #MOLGENIS header. Defaults will be used
WARN main org.molgenis.compute.commandline.ComputeBundleFromDirectory - protocol /Users/mdijkstra/Documents/pompgemak/molgenis_distro/handwritten/compute4/molgenis_compute-7157a04/../../workflowdata/protocols/Report.ftl does not contain #MOLGENIS header. Defaults will be used
WARN main org.molgenis.compute.commandline.ComputeBundleFromDirectory - protocol /Users/mdijkstra/Documents/pompgemak/molgenis_distro/handwritten/compute4/molgenis_compute-7157a04/../../workflowdata/protocols/Submit.sh.ftl does not contain #MOLGENIS header. Defaults will be used
WARN main org.molgenis.compute.commandline.ComputeBundleFromDirectory - protocol /Users/mdijkstra/Documents/pompgemak/molgenis_distro/handwritten/compute4/molgenis_compute-7157a04/../../workflowdata/protocols/BGPlot.ftl does not contain #MOLGENIS header. Defaults will be used
WARN main org.molgenis.compute.commandline.ComputeBundleFromDirectory - protocol /Users/mdijkstra/Documents/pompgemak/molgenis_distro/handwritten/compute4/molgenis_compute-7157a04/../../workflowdata/protocols/Footer.ftl does not contain #MOLGENIS header. Defaults will be used
WARN main org.molgenis.compute.commandline.ComputeBundleFromDirectory - protocol /Users/mdijkstra/Documents/pompgemak/molgenis_distro/handwritten/compute4/molgenis_compute-7157a04/../../workflowdata/protocols/Header.ftl does not contain #MOLGENIS header. Defaults will be used
WARN main org.molgenis.compute.commandline.ComputeBundleFromDirectory - protocol /Users/mdijkstra/Documents/pompgemak/molgenis_distro/handwritten/compute4/molgenis_compute-7157a04/../../workflowdata/protocols/Report.ftl does not contain #MOLGENIS header. Defaults will be used
WARN main org.molgenis.compute.commandline.ComputeBundleFromDirectory - protocol /Users/mdijkstra/Documents/pompgemak/molgenis_distro/handwritten/compute4/molgenis_compute-7157a04/../../workflowdata/protocols/Submit.sh.ftl does not contain #MOLGENIS header. Defaults will be used
WARN main org.molgenis.compute.commandline.ComputeBundleFromDirectory - protocol /Users/mdijkstra/Documents/pompgemak/molgenis_distro/handwritten/compute4/molgenis_compute-7157a04/../../workflowdata/protocols/BGPlot.ftl does not contain #MOLGENIS header. Defaults will be used
WARN main org.molgenis.compute.commandline.ComputeBundleFromDirectory - protocol /Users/mdijkstra/Documents/pompgemak/molgenis_distro/handwritten/compute4/molgenis_compute-7157a04/../../workflowdata/protocols/Footer.ftl does not contain #MOLGENIS header. Defaults will be used
WARN main org.molgenis.compute.commandline.ComputeBundleFromDirectory - protocol /Users/mdijkstra/Documents/pompgemak/molgenis_distro/handwritten/compute4/molgenis_compute-7157a04/../../workflowdata/protocols/Header.ftl does not contain #MOLGENIS header. Defaults will be used
WARN main org.molgenis.compute.commandline.ComputeBundleFromDirectory - protocol /Users/mdijkstra/Documents/pompgemak/molgenis_distro/handwritten/compute4/molgenis_compute-7157a04/../../workflowdata/protocols/Report.ftl does not contain #MOLGENIS header. Defaults will be used
WARN main org.molgenis.compute.commandline.ComputeBundleFromDirectory - protocol /Users/mdijkstra/Documents/pompgemak/molgenis_distro/handwritten/compute4/molgenis_compute-7157a04/../../workflowdata/protocols/Submit.sh.ftl does not contain #MOLGENIS header. Defaults will be used
WARN main org.molgenis.compute.commandline.ComputeBundleFromDirectory - protocol /Users/mdijkstra/Documents/pompgemak/molgenis_distro/handwritten/compute4/molgenis_compute-7157a04/../../workflowdata/protocols/BGPlot.ftl does not contain #MOLGENIS header. Defaults will be used
WARN main org.molgenis.compute.commandline.ComputeBundleFromDirectory - protocol /Users/mdijkstra/Documents/pompgemak/molgenis_distro/handwritten/compute4/molgenis_compute-7157a04/../../workflowdata/protocols/Footer.ftl does not contain #MOLGENIS header. Defaults will be used
WARN main org.molgenis.compute.commandline.ComputeBundleFromDirectory - protocol /Users/mdijkstra/Documents/pompgemak/molgenis_distro/handwritten/compute4/molgenis_compute-7157a04/../../workflowdata/protocols/Header.ftl does not contain #MOLGENIS header. Defaults will be used
WARN main org.molgenis.compute.commandline.ComputeBundleFromDirectory - protocol /Users/mdijkstra/Documents/pompgemak/molgenis_distro/handwritten/compute4/molgenis_compute-7157a04/../../workflowdata/protocols/Report.ftl does not contain #MOLGENIS header. Defaults will be used
WARN main org.molgenis.compute.commandline.ComputeBundleFromDirectory - protocol /Users/mdijkstra/Documents/pompgemak/molgenis_distro/handwritten/compute4/molgenis_compute-7157a04/../../workflowdata/protocols/Submit.sh.ftl does not contain #MOLGENIS header. Defaults will be used
WARN main org.molgenis.compute.commandline.ComputeBundleFromDirectory - protocol /Users/mdijkstra/Documents/pompgemak/molgenis_distro/handwritten/compute4/molgenis_compute-7157a04/../../workflowdata/protocols/BGPlot.ftl does not contain #MOLGENIS header. Defaults will be used
WARN main org.molgenis.compute.commandline.ComputeBundleFromDirectory - protocol /Users/mdijkstra/Documents/pompgemak/molgenis_distro/handwritten/compute4/molgenis_compute-7157a04/../../workflowdata/protocols/Footer.ftl does not contain #MOLGENIS header. Defaults will be used
WARN main org.molgenis.compute.commandline.ComputeBundleFromDirectory - protocol /Users/mdijkstra/Documents/pompgemak/molgenis_distro/handwritten/compute4/molgenis_compute-7157a04/../../workflowdata/protocols/Header.ftl does not contain #MOLGENIS header. Defaults will be used
WARN main org.molgenis.compute.commandline.ComputeBundleFromDirectory - protocol /Users/mdijkstra/Documents/pompgemak/molgenis_distro/handwritten/compute4/molgenis_compute-7157a04/../../workflowdata/protocols/Report.ftl does not contain #MOLGENIS header. Defaults will be used
WARN main org.molgenis.compute.commandline.ComputeBundleFromDirectory - protocol /Users/mdijkstra/Documents/pompgemak/molgenis_distro/handwritten/compute4/molgenis_compute-7157a04/../../workflowdata/protocols/Submit.sh.ftl does not contain #MOLGENIS header. Defaults will be used
WARN main org.molgenis.compute.commandline.ComputeBundleFromDirectory - protocol /Users/mdijkstra/Documents/pompgemak/molgenis_distro/handwritten/compute4/molgenis_compute-7157a04/../../workflowdata/protocols/BGPlot.ftl does not contain #MOLGENIS header. Defaults will be used
WARN main org.molgenis.compute.commandline.ComputeBundleFromDirectory - protocol /Users/mdijkstra/Documents/pompgemak/molgenis_distro/handwritten/compute4/molgenis_compute-7157a04/../../workflowdata/protocols/Footer.ftl does not contain #MOLGENIS header. Defaults will be used
WARN main org.molgenis.compute.commandline.ComputeBundleFromDirectory - protocol /Users/mdijkstra/Documents/pompgemak/molgenis_distro/handwritten/compute4/molgenis_compute-7157a04/../../workflowdata/protocols/Header.ftl does not contain #MOLGENIS header. Defaults will be used
WARN main org.molgenis.compute.commandline.ComputeBundleFromDirectory - protocol /Users/mdijkstra/Documents/pompgemak/molgenis_distro/handwritten/compute4/molgenis_compute-7157a04/../../workflowdata/protocols/Report.ftl does not contain #MOLGENIS header. Defaults will be used
WARN main org.molgenis.compute.commandline.ComputeBundleFromDirectory - protocol /Users/mdijkstra/Documents/pompgemak/molgenis_distro/handwritten/compute4/molgenis_compute-7157a04/../../workflowdata/protocols/Submit.sh.ftl does not contain #MOLGENIS header. Defaults will be used
WARN main org.molgenis.compute.commandline.ComputeBundleFromDirectory - protocol /Users/mdijkstra/Documents/pompgemak/molgenis_distro/handwritten/compute4/molgenis_compute-7157a04/../../workflowdata/protocols/BGPlot.ftl does not contain #MOLGENIS header. Defaults will be used
WARN main org.molgenis.compute.commandline.ComputeBundleFromDirectory - protocol /Users/mdijkstra/Documents/pompgemak/molgenis_distro/handwritten/compute4/molgenis_compute-7157a04/../../workflowdata/protocols/Footer.ftl does not contain #MOLGENIS header. Defaults will be used
WARN main org.molgenis.compute.commandline.ComputeBundleFromDirectory - protocol /Users/mdijkstra/Documents/pompgemak/molgenis_distro/handwritten/compute4/molgenis_compute-7157a04/../../workflowdata/protocols/Header.ftl does not contain #MOLGENIS header. Defaults will be used
WARN main org.molgenis.compute.commandline.ComputeBundleFromDirectory - protocol /Users/mdijkstra/Documents/pompgemak/molgenis_distro/handwritten/compute4/molgenis_compute-7157a04/../../workflowdata/protocols/Report.ftl does not contain #MOLGENIS header. Defaults will be used
WARN main org.molgenis.compute.commandline.ComputeBundleFromDirectory - protocol /Users/mdijkstra/Documents/pompgemak/molgenis_distro/handwritten/compute4/molgenis_compute-7157a04/../../workflowdata/protocols/Submit.sh.ftl does not contain #MOLGENIS header. Defaults will be used
WARN main org.molgenis.compute.commandline.ComputeBundleFromDirectory - protocol /Users/mdijkstra/Documents/pompgemak/molgenis_distro/handwritten/compute4/molgenis_compute-7157a04/../../workflowdata/protocols/BGPlot.ftl does not contain #MOLGENIS header. Defaults will be used
WARN main org.molgenis.compute.commandline.ComputeBundleFromDirectory - protocol /Users/mdijkstra/Documents/pompgemak/molgenis_distro/handwritten/compute4/molgenis_compute-7157a04/../../workflowdata/protocols/Footer.ftl does not contain #MOLGENIS header. Defaults will be used
WARN main org.molgenis.compute.commandline.ComputeBundleFromDirectory - protocol /Users/mdijkstra/Documents/pompgemak/molgenis_distro/handwritten/compute4/molgenis_compute-7157a04/../../workflowdata/protocols/Header.ftl does not contain #MOLGENIS header. Defaults will be used
WARN main org.molgenis.compute.commandline.ComputeBundleFromDirectory - protocol /Users/mdijkstra/Documents/pompgemak/molgenis_distro/handwritten/compute4/molgenis_compute-7157a04/../../workflowdata/protocols/Report.ftl does not contain #MOLGENIS header. Defaults will be used
WARN main org.molgenis.compute.commandline.ComputeBundleFromDirectory - protocol /Users/mdijkstra/Documents/pompgemak/molgenis_distro/handwritten/compute4/molgenis_compute-7157a04/../../workflowdata/protocols/Submit.sh.ftl does not contain #MOLGENIS header. Defaults will be used
WARN main org.molgenis.compute.commandline.ComputeBundleFromDirectory - protocol /Users/mdijkstra/Documents/pompgemak/molgenis_distro/handwritten/compute4/molgenis_compute-7157a04/../../workflowdata/protocols/BGPlot.ftl does not contain #MOLGENIS header. Defaults will be used
WARN main org.molgenis.compute.commandline.ComputeBundleFromDirectory - protocol /Users/mdijkstra/Documents/pompgemak/molgenis_distro/handwritten/compute4/molgenis_compute-7157a04/../../workflowdata/protocols/Footer.ftl does not contain #MOLGENIS header. Defaults will be used
WARN main org.molgenis.compute.commandline.ComputeBundleFromDirectory - protocol /Users/mdijkstra/Documents/pompgemak/molgenis_distro/handwritten/compute4/molgenis_compute-7157a04/../../workflowdata/protocols/Header.ftl does not contain #MOLGENIS header. Defaults will be used
WARN main org.molgenis.compute.commandline.ComputeBundleFromDirectory - protocol /Users/mdijkstra/Documents/pompgemak/molgenis_distro/handwritten/compute4/molgenis_compute-7157a04/../../workflowdata/protocols/MealPlot.ftl does not contain #MOLGENIS header. Defaults will be used
WARN main org.molgenis.compute.commandline.ComputeBundleFromDirectory - protocol /Users/mdijkstra/Documents/pompgemak/molgenis_distro/handwritten/compute4/molgenis_compute-7157a04/../../workflowdata/protocols/Report.ftl does not contain #MOLGENIS header. Defaults will be used
WARN main org.molgenis.compute.commandline.ComputeBundleFromDirectory - protocol /Users/mdijkstra/Documents/pompgemak/molgenis_distro/handwritten/compute4/molgenis_compute-7157a04/../../workflowdata/protocols/Submit.sh.ftl does not contain #MOLGENIS header. Defaults will be used
WARN main org.molgenis.compute.commandline.ComputeBundleFromDirectory - protocol /Users/mdijkstra/Documents/pompgemak/molgenis_distro/handwritten/compute4/molgenis_compute-7157a04/../../workflowdata/protocols/BGPlot.ftl does not contain #MOLGENIS header. Defaults will be used
WARN main org.molgenis.compute.commandline.ComputeBundleFromDirectory - protocol /Users/mdijkstra/Documents/pompgemak/molgenis_distro/handwritten/compute4/molgenis_compute-7157a04/../../workflowdata/protocols/Footer.ftl does not contain #MOLGENIS header. Defaults will be used
WARN main org.molgenis.compute.commandline.ComputeBundleFromDirectory - protocol /Users/mdijkstra/Documents/pompgemak/molgenis_distro/handwritten/compute4/molgenis_compute-7157a04/../../workflowdata/protocols/Header.ftl does not contain #MOLGENIS header. Defaults will be used
WARN main org.molgenis.compute.commandline.ComputeBundleFromDirectory - protocol /Users/mdijkstra/Documents/pompgemak/molgenis_distro/handwritten/compute4/molgenis_compute-7157a04/../../workflowdata/protocols/MealPlot.ftl does not contain #MOLGENIS header. Defaults will be used
WARN main org.molgenis.compute.commandline.ComputeBundleFromDirectory - protocol /Users/mdijkstra/Documents/pompgemak/molgenis_distro/handwritten/compute4/molgenis_compute-7157a04/../../workflowdata/protocols/Report.ftl does not contain #MOLGENIS header. Defaults will be used
WARN main org.molgenis.compute.commandline.ComputeBundleFromDirectory - protocol /Users/mdijkstra/Documents/pompgemak/molgenis_distro/handwritten/compute4/molgenis_compute-7157a04/../../workflowdata/protocols/Submit.sh.ftl does not contain #MOLGENIS header. Defaults will be used
